<?xml version="1.0" encoding="UTF-8"?>
<!-- Generated by org.testng.reporters.JUnitReportReporter -->
<testsuite hostname="HARISH-PC" failures="0" tests="1" name="scripts.TestCase1" time="18.233" errors="0" timestamp="2022-09-12T17:42:16 IST" skipped="0">
  <testcase classname="scripts.TestCase1" name="tc1" time="18.233"/>
  <system-out/>
</testsuite> <!-- scripts.TestCase1 -->
